<?xml version="1.0" encoding="UTF-8"?>
<!-- Generated by org.testng.reporters.JUnitXMLReporter -->
<testsuite ignored="0" hostname="LAPTOP-BPJQ6IQK" failures="0" tests="6" name="myTest" time="0.124" errors="0" timestamp="2022-08-07T19:52:19 IST">
  <testcase classname="com.automation.TestNGPractices.AClass" name="myTest1" time="0.01"/>
  <testcase classname="com.automation.TestNGPractices.BClass" name="myTest1" time="0.008"/>
  <testcase classname="com.automation.TestNGPractices.AClass" name="myTest2" time="0.003"/>
  <testcase classname="com.automation.TestNGPractices.BClass" name="myTest2" time="0.003"/>
  <testcase classname="com.automation.TestNGPractices.AClass" name="myTest3" time="0.007"/>
  <testcase classname="com.automation.TestNGPractices.BClass" name="myTest3" time="0.003"/>
</testsuite> <!-- myTest -->
