<?xml version="1.0" encoding="UTF-8"?>
<!-- Generated by org.testng.reporters.JUnitXMLReporter -->
<testsuite ignored="4" hostname="LAPTOP-BPJQ6IQK" failures="0" tests="2" name="Smoke" time="0.111" errors="0" timestamp="2022-08-07T19:15:24 IST">
  <testcase classname="com.automation.TestNGPractices.AClass" name="myTest1" time="0.012"/>
  <testcase classname="com.automation.TestNGPractices.BClass" name="myTest1" time="0.002"/>
  <testcase classname="com.automation.TestNGPractices.BClass" name="myTest3" time="0.0">
    <ignored/>
  </testcase> <!-- myTest3 -->
  <testcase classname="com.automation.TestNGPractices.BClass" name="myTest2" time="0.0">
    <ignored/>
  </testcase> <!-- myTest2 -->
  <testcase classname="com.automation.TestNGPractices.AClass" name="myTest3" time="0.0">
    <ignored/>
  </testcase> <!-- myTest3 -->
  <testcase classname="com.automation.TestNGPractices.AClass" name="myTest2" time="0.0">
    <ignored/>
  </testcase> <!-- myTest2 -->
</testsuite> <!-- Smoke -->
