<?xml version="1.0" encoding="UTF-8"?>
<testng-results ignored="0" total="6" passed="6" failed="0" skipped="0">
  <reporter-output>
  </reporter-output>
  <suite started-at="2022-08-07T19:52:19 IST" name="MySuite" finished-at="2022-08-07T19:52:19 IST" duration-ms="124">
    <groups>
      <group name="Sanity">
        <method signature="AClass.myTest2()[pri:0, instance:com.automation.TestNGPractices.AClass@5562c41e]" name="myTest2" class="com.automation.TestNGPractices.AClass"/>
        <method signature="BClass.myTest2()[pri:0, instance:com.automation.TestNGPractices.BClass@6da21078]" name="myTest2" class="com.automation.TestNGPractices.BClass"/>
      </group> <!-- Sanity -->
      <group name="Regression">
        <method signature="AClass.myTest3()[pri:0, instance:com.automation.TestNGPractices.AClass@5562c41e]" name="myTest3" class="com.automation.TestNGPractices.AClass"/>
        <method signature="BClass.myTest3()[pri:0, instance:com.automation.TestNGPractices.BClass@6da21078]" name="myTest3" class="com.automation.TestNGPractices.BClass"/>
      </group> <!-- Regression -->
      <group name="Smoke">
        <method signature="AClass.myTest1()[pri:0, instance:com.automation.TestNGPractices.AClass@5562c41e]" name="myTest1" class="com.automation.TestNGPractices.AClass"/>
        <method signature="BClass.myTest1()[pri:0, instance:com.automation.TestNGPractices.BClass@6da21078]" name="myTest1" class="com.automation.TestNGPractices.BClass"/>
      </group> <!-- Smoke -->
    </groups>
    <test started-at="2022-08-07T19:52:19 IST" name="myTest" finished-at="2022-08-07T19:52:19 IST" duration-ms="124">
      <class name="com.automation.TestNGPractices.AClass">
        <test-method is-config="true" signature="AClassBeforeSuiteMethod()[pri:0, instance:com.automation.TestNGPractices.AClass@5562c41e]" started-at="2022-08-07T19:52:19 IST" name="AClassBeforeSuiteMethod" finished-at="2022-08-07T19:52:19 IST" duration-ms="16" status="PASS">
          <reporter-output>
          </reporter-output>
        </test-method> <!-- AClassBeforeSuiteMethod -->
        <test-method is-config="true" signature="AClassBeforeTestMethod()[pri:0, instance:com.automation.TestNGPractices.AClass@5562c41e]" started-at="2022-08-07T19:52:19 IST" name="AClassBeforeTestMethod" finished-at="2022-08-07T19:52:19 IST" duration-ms="1" status="PASS">
          <reporter-output>
          </reporter-output>
        </test-method> <!-- AClassBeforeTestMethod -->
        <test-method is-config="true" signature="AClassBeforeClassMethod()[pri:0, instance:com.automation.TestNGPractices.AClass@5562c41e]" started-at="2022-08-07T19:52:19 IST" name="AClassBeforeClassMethod" finished-at="2022-08-07T19:52:19 IST" duration-ms="1" status="PASS">
          <reporter-output>
          </reporter-output>
        </test-method> <!-- AClassBeforeClassMethod -->
        <test-method is-config="true" signature="AClassBeforeMethod()[pri:0, instance:com.automation.TestNGPractices.AClass@5562c41e]" started-at="2022-08-07T19:52:19 IST" name="AClassBeforeMethod" finished-at="2022-08-07T19:52:19 IST" duration-ms="1" status="PASS">
          <reporter-output>
          </reporter-output>
        </test-method> <!-- AClassBeforeMethod -->
        <test-method signature="myTest1()[pri:0, instance:com.automation.TestNGPractices.AClass@5562c41e]" started-at="2022-08-07T19:52:19 IST" name="myTest1" finished-at="2022-08-07T19:52:19 IST" duration-ms="10" status="PASS">
          <reporter-output>
          </reporter-output>
        </test-method> <!-- myTest1 -->
        <test-method is-config="true" signature="myAfterMethod()[pri:0, instance:com.automation.TestNGPractices.AClass@5562c41e]" started-at="2022-08-07T19:52:19 IST" name="myAfterMethod" finished-at="2022-08-07T19:52:19 IST" duration-ms="3" status="PASS">
          <reporter-output>
          </reporter-output>
        </test-method> <!-- myAfterMethod -->
        <test-method is-config="true" signature="AClassBeforeMethod()[pri:0, instance:com.automation.TestNGPractices.AClass@5562c41e]" started-at="2022-08-07T19:52:19 IST" name="AClassBeforeMethod" finished-at="2022-08-07T19:52:19 IST" duration-ms="1" status="PASS">
          <reporter-output>
          </reporter-output>
        </test-method> <!-- AClassBeforeMethod -->
        <test-method signature="myTest2()[pri:0, instance:com.automation.TestNGPractices.AClass@5562c41e]" started-at="2022-08-07T19:52:19 IST" name="myTest2" finished-at="2022-08-07T19:52:19 IST" duration-ms="3" status="PASS">
          <reporter-output>
          </reporter-output>
        </test-method> <!-- myTest2 -->
        <test-method is-config="true" signature="myAfterMethod()[pri:0, instance:com.automation.TestNGPractices.AClass@5562c41e]" started-at="2022-08-07T19:52:19 IST" name="myAfterMethod" finished-at="2022-08-07T19:52:19 IST" duration-ms="6" status="PASS">
          <reporter-output>
          </reporter-output>
        </test-method> <!-- myAfterMethod -->
        <test-method signature="myTest3()[pri:0, instance:com.automation.TestNGPractices.AClass@5562c41e]" started-at="2022-08-07T19:52:19 IST" name="myTest3" finished-at="2022-08-07T19:52:19 IST" duration-ms="7" status="PASS">
          <reporter-output>
          </reporter-output>
        </test-method> <!-- myTest3 -->
        <test-method is-config="true" signature="AClassBeforeMethod()[pri:0, instance:com.automation.TestNGPractices.AClass@5562c41e]" started-at="2022-08-07T19:52:19 IST" name="AClassBeforeMethod" finished-at="2022-08-07T19:52:19 IST" duration-ms="0" status="PASS">
          <reporter-output>
          </reporter-output>
        </test-method> <!-- AClassBeforeMethod -->
        <test-method is-config="true" signature="myAfterMethod()[pri:0, instance:com.automation.TestNGPractices.AClass@5562c41e]" started-at="2022-08-07T19:52:19 IST" name="myAfterMethod" finished-at="2022-08-07T19:52:19 IST" duration-ms="1" status="PASS">
          <reporter-output>
          </reporter-output>
        </test-method> <!-- myAfterMethod -->
        <test-method is-config="true" signature="myAfterClassMethod()[pri:0, instance:com.automation.TestNGPractices.AClass@5562c41e]" started-at="2022-08-07T19:52:19 IST" name="myAfterClassMethod" finished-at="2022-08-07T19:52:19 IST" duration-ms="1" status="PASS">
          <reporter-output>
          </reporter-output>
        </test-method> <!-- myAfterClassMethod -->
        <test-method is-config="true" signature="myAfterTestMethod()[pri:0, instance:com.automation.TestNGPractices.AClass@5562c41e]" started-at="2022-08-07T19:52:19 IST" name="myAfterTestMethod" finished-at="2022-08-07T19:52:19 IST" duration-ms="0" status="PASS">
          <reporter-output>
          </reporter-output>
        </test-method> <!-- myAfterTestMethod -->
        <test-method is-config="true" signature="myAfterSuiteMethod()[pri:0, instance:com.automation.TestNGPractices.AClass@5562c41e]" started-at="2022-08-07T19:52:19 IST" name="myAfterSuiteMethod" finished-at="2022-08-07T19:52:19 IST" duration-ms="1" status="PASS">
          <reporter-output>
          </reporter-output>
        </test-method> <!-- myAfterSuiteMethod -->
      </class> <!-- com.automation.TestNGPractices.AClass -->
      <class name="com.automation.TestNGPractices.BClass">
        <test-method is-config="true" signature="BClassBeforeSuiteMethod()[pri:0, instance:com.automation.TestNGPractices.BClass@6da21078]" started-at="2022-08-07T19:52:19 IST" name="BClassBeforeSuiteMethod" finished-at="2022-08-07T19:52:19 IST" duration-ms="0" status="PASS">
          <reporter-output>
          </reporter-output>
        </test-method> <!-- BClassBeforeSuiteMethod -->
        <test-method is-config="true" signature="BClassBeforeTestMethod()[pri:0, instance:com.automation.TestNGPractices.BClass@6da21078]" started-at="2022-08-07T19:52:19 IST" name="BClassBeforeTestMethod" finished-at="2022-08-07T19:52:19 IST" duration-ms="0" status="PASS">
          <reporter-output>
          </reporter-output>
        </test-method> <!-- BClassBeforeTestMethod -->
        <test-method is-config="true" signature="BClassBeforeClassMethod()[pri:0, instance:com.automation.TestNGPractices.BClass@6da21078]" started-at="2022-08-07T19:52:19 IST" name="BClassBeforeClassMethod" finished-at="2022-08-07T19:52:19 IST" duration-ms="1" status="PASS">
          <reporter-output>
          </reporter-output>
        </test-method> <!-- BClassBeforeClassMethod -->
        <test-method is-config="true" signature="BClassBeforeMethod()[pri:0, instance:com.automation.TestNGPractices.BClass@6da21078]" started-at="2022-08-07T19:52:19 IST" name="BClassBeforeMethod" finished-at="2022-08-07T19:52:19 IST" duration-ms="1" status="PASS">
          <reporter-output>
          </reporter-output>
        </test-method> <!-- BClassBeforeMethod -->
        <test-method signature="myTest1()[pri:0, instance:com.automation.TestNGPractices.BClass@6da21078]" started-at="2022-08-07T19:52:19 IST" name="myTest1" finished-at="2022-08-07T19:52:19 IST" duration-ms="8" status="PASS">
          <reporter-output>
          </reporter-output>
        </test-method> <!-- myTest1 -->
        <test-method is-config="true" signature="BClassAfterMethod()[pri:0, instance:com.automation.TestNGPractices.BClass@6da21078]" started-at="2022-08-07T19:52:19 IST" name="BClassAfterMethod" finished-at="2022-08-07T19:52:19 IST" duration-ms="1" status="PASS">
          <reporter-output>
          </reporter-output>
        </test-method> <!-- BClassAfterMethod -->
        <test-method is-config="true" signature="BClassBeforeMethod()[pri:0, instance:com.automation.TestNGPractices.BClass@6da21078]" started-at="2022-08-07T19:52:19 IST" name="BClassBeforeMethod" finished-at="2022-08-07T19:52:19 IST" duration-ms="1" status="PASS">
          <reporter-output>
          </reporter-output>
        </test-method> <!-- BClassBeforeMethod -->
        <test-method signature="myTest2()[pri:0, instance:com.automation.TestNGPractices.BClass@6da21078]" started-at="2022-08-07T19:52:19 IST" name="myTest2" finished-at="2022-08-07T19:52:19 IST" duration-ms="3" status="PASS">
          <reporter-output>
          </reporter-output>
        </test-method> <!-- myTest2 -->
        <test-method is-config="true" signature="BClassAfterMethod()[pri:0, instance:com.automation.TestNGPractices.BClass@6da21078]" started-at="2022-08-07T19:52:19 IST" name="BClassAfterMethod" finished-at="2022-08-07T19:52:19 IST" duration-ms="2" status="PASS">
          <reporter-output>
          </reporter-output>
        </test-method> <!-- BClassAfterMethod -->
        <test-method signature="myTest3()[pri:0, instance:com.automation.TestNGPractices.BClass@6da21078]" started-at="2022-08-07T19:52:19 IST" name="myTest3" finished-at="2022-08-07T19:52:19 IST" duration-ms="3" status="PASS">
          <reporter-output>
          </reporter-output>
        </test-method> <!-- myTest3 -->
        <test-method is-config="true" signature="BClassBeforeMethod()[pri:0, instance:com.automation.TestNGPractices.BClass@6da21078]" started-at="2022-08-07T19:52:19 IST" name="BClassBeforeMethod" finished-at="2022-08-07T19:52:19 IST" duration-ms="0" status="PASS">
          <reporter-output>
          </reporter-output>
        </test-method> <!-- BClassBeforeMethod -->
        <test-method is-config="true" signature="BClassAfterClassMethod()[pri:0, instance:com.automation.TestNGPractices.BClass@6da21078]" started-at="2022-08-07T19:52:19 IST" name="BClassAfterClassMethod" finished-at="2022-08-07T19:52:19 IST" duration-ms="1" status="PASS">
          <reporter-output>
          </reporter-output>
        </test-method> <!-- BClassAfterClassMethod -->
        <test-method is-config="true" signature="BClassAfterMethod()[pri:0, instance:com.automation.TestNGPractices.BClass@6da21078]" started-at="2022-08-07T19:52:19 IST" name="BClassAfterMethod" finished-at="2022-08-07T19:52:19 IST" duration-ms="0" status="PASS">
          <reporter-output>
          </reporter-output>
        </test-method> <!-- BClassAfterMethod -->
        <test-method is-config="true" signature="BClassAfterTestMethod()[pri:0, instance:com.automation.TestNGPractices.BClass@6da21078]" started-at="2022-08-07T19:52:19 IST" name="BClassAfterTestMethod" finished-at="2022-08-07T19:52:19 IST" duration-ms="1" status="PASS">
          <reporter-output>
          </reporter-output>
        </test-method> <!-- BClassAfterTestMethod -->
        <test-method is-config="true" signature="BClassAfterSuiteMethod()[pri:0, instance:com.automation.TestNGPractices.BClass@6da21078]" started-at="2022-08-07T19:52:19 IST" name="BClassAfterSuiteMethod" finished-at="2022-08-07T19:52:19 IST" duration-ms="1" status="PASS">
          <reporter-output>
          </reporter-output>
        </test-method> <!-- BClassAfterSuiteMethod -->
      </class> <!-- com.automation.TestNGPractices.BClass -->
    </test> <!-- myTest -->
  </suite> <!-- MySuite -->
</testng-results>
